# JRE version: Java(TM) SE Runtime Environment (7.0_79-b15) (build 1.7.0_79-b15)
# Java VM: Java HotSpot(TM) 64-Bit Server VM (24.79-b02 mixed mode bsd-amd64 compressed oops)
Heap
 PSYoungGen      total 278528K, used 233744K [0x00000007d5500000, 0x00000007ec000000, 0x0000000800000000)
  eden space 236032K, 81% used [0x00000007d5500000,0x00000007e0fc7f38,0x00000007e3b80000)
  from space 42496K, 99% used [0x00000007e7580000,0x00000007e9efc298,0x00000007e9f00000)
  to   space 59392K, 0% used [0x00000007e3b80000,0x00000007e3b80000,0x00000007e7580000)
 ParOldGen       total 87040K, used 63304K [0x0000000780000000, 0x0000000785500000, 0x00000007d5500000)
  object space 87040K, 72% used [0x0000000780000000,0x0000000783dd2178,0x0000000785500000)
 PSPermGen       total 21504K, used 11351K [0x000000077ae00000, 0x000000077c300000, 0x0000000780000000)
  object space 21504K, 52% used [0x000000077ae00000,0x000000077b915f78,0x000000077c300000)
GC Heap History (10 events):
Event: 0.882 GC heap before
{Heap before GC invocations=4 (full 0):
 PSYoungGen      total 38912K, used 35280K [0x00000007d5500000, 0x00000007da100000, 0x0000000800000000)
  eden space 33792K, 100% used [0x00000007d5500000,0x00000007d7600000,0x00000007d7600000)
  from space 5120K, 29% used [0x00000007d7600000,0x00000007d7774040,0x00000007d7b00000)
  to   space 5120K, 0% used [0x00000007d9c00000,0x00000007d9c00000,0x00000007da100000)
 ParOldGen       total 87040K, used 89K [0x0000000780000000, 0x0000000785500000, 0x00000007d5500000)
  object space 87040K, 0% used [0x0000000780000000,0x0000000780016770,0x0000000785500000)
 PSPermGen       total 21504K, used 8099K [0x000000077ae00000, 0x000000077c300000, 0x0000000780000000)
  object space 21504K, 37% used [0x000000077ae00000,0x000000077b5e8ca0,0x000000077c300000)
Event: 0.889 GC heap after
Heap after GC invocations=4 (full 0):
 PSYoungGen      total 72704K, used 4977K [0x00000007d5500000, 0x00000007da100000, 0x0000000800000000)
  eden space 67584K, 0% used [0x00000007d5500000,0x00000007d5500000,0x00000007d9700000)
  from space 5120K, 97% used [0x00000007d9c00000,0x00000007da0dc7d8,0x00000007da100000)
  to   space 5120K, 0% used [0x00000007d9700000,0x00000007d9700000,0x00000007d9c00000)
 ParOldGen       total 87040K, used 97K [0x0000000780000000, 0x0000000785500000, 0x00000007d5500000)
  object space 87040K, 0% used [0x0000000780000000,0x0000000780018770,0x0000000785500000)
 PSPermGen       total 21504K, used 8099K [0x000000077ae00000, 0x000000077c300000, 0x0000000780000000)
  object space 21504K, 37% used [0x000000077ae00000,0x000000077b5e8ca0,0x000000077c300000)
}
Event: 1.379 GC heap before
{Heap before GC invocations=5 (full 0):
 PSYoungGen      total 72704K, used 72561K [0x00000007d5500000, 0x00000007da100000, 0x0000000800000000)
  eden space 67584K, 100% used [0x00000007d5500000,0x00000007d9700000,0x00000007d9700000)
  from space 5120K, 97% used [0x00000007d9c00000,0x00000007da0dc7d8,0x00000007da100000)
  to   space 5120K, 0% used [0x00000007d9700000,0x00000007d9700000,0x00000007d9c00000)
 ParOldGen       total 87040K, used 143K [0x0000000780000000, 0x0000000785500000, 0x00000007d5500000)
  object space 87040K, 0% used [0x0000000780000000,0x0000000780023fb8,0x0000000785500000)
 PSPermGen       total 21504K, used 8177K [0x000000077ae00000, 0x000000077c300000, 0x0000000780000000)
  object space 21504K, 38% used [0x000000077ae00000,0x000000077b5fc560,0x000000077c300000)
Event: 1.406 GC heap after
Heap after GC invocations=5 (full 0):
 PSYoungGen      total 72704K, used 5097K [0x00000007d5500000, 0x00000007df900000, 0x0000000800000000)
  eden space 67584K, 0% used [0x00000007d5500000,0x00000007d5500000,0x00000007d9700000)
  from space 5120K, 99% used [0x00000007d9700000,0x00000007d9bfa700,0x00000007d9c00000)
  to   space 16384K, 0% used [0x00000007de900000,0x00000007de900000,0x00000007df900000)
 ParOldGen       total 87040K, used 14896K [0x0000000780000000, 0x0000000785500000, 0x00000007d5500000)
  object space 87040K, 17% used [0x0000000780000000,0x0000000780e8c0f0,0x0000000785500000)
 PSPermGen       total 21504K, used 8177K [0x000000077ae00000, 0x000000077c300000, 0x0000000780000000)
  object space 21504K, 38% used [0x000000077ae00000,0x000000077b5fc560,0x000000077c300000)
}
Event: 2.017 GC heap before
{Heap before GC invocations=6 (full 0):
 PSYoungGen      total 72704K, used 72681K [0x00000007d5500000, 0x00000007df900000, 0x0000000800000000)
  eden space 67584K, 100% used [0x00000007d5500000,0x00000007d9700000,0x00000007d9700000)
  from space 5120K, 99% used [0x00000007d9700000,0x00000007d9bfa700,0x00000007d9c00000)
  to   space 16384K, 0% used [0x00000007de900000,0x00000007de900000,0x00000007df900000)
 ParOldGen       total 87040K, used 14905K [0x0000000780000000, 0x0000000785500000, 0x00000007d5500000)
  object space 87040K, 17% used [0x0000000780000000,0x0000000780e8e468,0x0000000785500000)
 PSPermGen       total 21504K, used 8248K [0x000000077ae00000, 0x000000077c300000, 0x0000000780000000)
  object space 21504K, 38% used [0x000000077ae00000,0x000000077b60e080,0x000000077c300000)
Event: 2.060 GC heap after
Heap after GC invocations=6 (full 0):
 PSYoungGen      total 142848K, used 16378K [0x00000007d5500000, 0x00000007e0a00000, 0x0000000800000000)
  eden space 126464K, 0% used [0x00000007d5500000,0x00000007d5500000,0x00000007dd080000)
  from space 16384K, 99% used [0x00000007de900000,0x00000007df8fe850,0x00000007df900000)
  to   space 25088K, 0% used [0x00000007dd080000,0x00000007dd080000,0x00000007de900000)
 ParOldGen       total 87040K, used 22345K [0x0000000780000000, 0x0000000785500000, 0x00000007d5500000)
  object space 87040K, 25% used [0x0000000780000000,0x00000007815d2468,0x0000000785500000)
 PSPermGen       total 21504K, used 8248K [0x000000077ae00000, 0x000000077c300000, 0x0000000780000000)
  object space 21504K, 38% used [0x000000077ae00000,0x000000077b60e080,0x000000077c300000)
}
Event: 2.781 GC heap before
{Heap before GC invocations=7 (full 0):
 PSYoungGen      total 142848K, used 142842K [0x00000007d5500000, 0x00000007e0a00000, 0x0000000800000000)
  eden space 126464K, 100% used [0x00000007d5500000,0x00000007dd080000,0x00000007dd080000)
  from space 16384K, 99% used [0x00000007de900000,0x00000007df8fe850,0x00000007df900000)
  to   space 25088K, 0% used [0x00000007dd080000,0x00000007dd080000,0x00000007de900000)
 ParOldGen       total 87040K, used 22345K [0x0000000780000000, 0x0000000785500000, 0x00000007d5500000)
  object space 87040K, 25% used [0x0000000780000000,0x00000007815d2468,0x0000000785500000)
 PSPermGen       total 21504K, used 8253K [0x000000077ae00000, 0x000000077c300000, 0x0000000780000000)
  object space 21504K, 38% used [0x000000077ae00000,0x000000077b60f558,0x000000077c300000)
Event: 2.873 GC heap after
Heap after GC invocations=7 (full 0):
 PSYoungGen      total 151552K, used 25084K [0x00000007d5500000, 0x00000007e9f00000, 0x0000000800000000)
  eden space 126464K, 0% used [0x00000007d5500000,0x00000007d5500000,0x00000007dd080000)
  from space 25088K, 99% used [0x00000007dd080000,0x00000007de8ff0d0,0x00000007de900000)
  to   space 42496K, 0% used [0x00000007e7580000,0x00000007e7580000,0x00000007e9f00000)
 ParOldGen       total 87040K, used 45590K [0x0000000780000000, 0x0000000785500000, 0x00000007d5500000)
  object space 87040K, 52% used [0x0000000780000000,0x0000000782c85be8,0x0000000785500000)
 PSPermGen       total 21504K, used 8253K [0x000000077ae00000, 0x000000077c300000, 0x0000000780000000)
  object space 21504K, 38% used [0x000000077ae00000,0x000000077b60f558,0x000000077c300000)
}
Event: 3.719 GC heap before
{Heap before GC invocations=8 (full 0):
 PSYoungGen      total 151552K, used 151548K [0x00000007d5500000, 0x00000007e9f00000, 0x0000000800000000)
  eden space 126464K, 100% used [0x00000007d5500000,0x00000007dd080000,0x00000007dd080000)
  from space 25088K, 99% used [0x00000007dd080000,0x00000007de8ff0d0,0x00000007de900000)
  to   space 42496K, 0% used [0x00000007e7580000,0x00000007e7580000,0x00000007e9f00000)
 ParOldGen       total 87040K, used 45598K [0x0000000780000000, 0x0000000785500000, 0x00000007d5500000)
  object space 87040K, 52% used [0x0000000780000000,0x0000000782c87b70,0x0000000785500000)
 PSPermGen       total 21504K, used 8275K [0x000000077ae00000, 0x000000077c300000, 0x0000000780000000)
  object space 21504K, 38% used [0x000000077ae00000,0x000000077b614c48,0x000000077c300000)
Event: 3.782 GC heap after
Heap after GC invocations=8 (full 0):
 PSYoungGen      total 278528K, used 42480K [0x00000007d5500000, 0x00000007ec000000, 0x0000000800000000)
  eden space 236032K, 0% used [0x00000007d5500000,0x00000007d5500000,0x00000007e3b80000)
  from space 42496K, 99% used [0x00000007e7580000,0x00000007e9efc298,0x00000007e9f00000)
  to   space 59392K, 0% used [0x00000007e3b80000,0x00000007e3b80000,0x00000007e7580000)
 ParOldGen       total 87040K, used 63304K [0x0000000780000000, 0x0000000785500000, 0x00000007d5500000)
  object space 87040K, 72% used [0x0000000780000000,0x0000000783dd2178,0x0000000785500000)
 PSPermGen       total 21504K, used 8275K [0x000000077ae00000, 0x000000077c300000, 0x0000000780000000)
  object space 21504K, 38% used [0x000000077ae00000,0x000000077b614c48,0x000000077c300000)
}

