# JRE version: Java(TM) SE Runtime Environment (7.0_79-b15) (build 1.7.0_79-b15)
# Java VM: Java HotSpot(TM) 64-Bit Server VM (24.79-b02 mixed mode bsd-amd64 compressed oops)
Heap
 PSYoungGen      total 285696K, used 91578K [0x00000007d5500000, 0x00000007eb900000, 0x0000000800000000)
  eden space 254464K, 35% used [0x00000007d5500000,0x00000007dae6eb28,0x00000007e4d80000)
  from space 31232K, 0% used [0x00000007e7b80000,0x00000007e7b80000,0x00000007e9a00000)
  to   space 47104K, 0% used [0x00000007e4d80000,0x00000007e4d80000,0x00000007e7b80000)
 ParOldGen       total 158208K, used 81607K [0x0000000780000000, 0x0000000789a80000, 0x00000007d5500000)
  object space 158208K, 51% used [0x0000000780000000,0x0000000784fb1f08,0x0000000789a80000)
 PSPermGen       total 21504K, used 8274K [0x000000077ae00000, 0x000000077c300000, 0x0000000780000000)
  object space 21504K, 38% used [0x000000077ae00000,0x000000077b614888,0x000000077c300000)
GC Heap History (10 events):
Event: 1.479 GC heap before
{Heap before GC invocations=5 (full 0):
 PSYoungGen      total 72704K, used 72000K [0x00000007d5500000, 0x00000007da100000, 0x0000000800000000)
  eden space 67584K, 100% used [0x00000007d5500000,0x00000007d9700000,0x00000007d9700000)
  from space 5120K, 86% used [0x00000007d9c00000,0x00000007da050350,0x00000007da100000)
  to   space 5120K, 0% used [0x00000007d9700000,0x00000007d9700000,0x00000007d9c00000)
 ParOldGen       total 87040K, used 99K [0x0000000780000000, 0x0000000785500000, 0x00000007d5500000)
  object space 87040K, 0% used [0x0000000780000000,0x0000000780018d60,0x0000000785500000)
 PSPermGen       total 21504K, used 8171K [0x000000077ae00000, 0x000000077c300000, 0x0000000780000000)
  object space 21504K, 37% used [0x000000077ae00000,0x000000077b5facf8,0x000000077c300000)
Event: 1.513 GC heap after
Heap after GC invocations=5 (full 0):
 PSYoungGen      total 72704K, used 5100K [0x00000007d5500000, 0x00000007df800000, 0x0000000800000000)
  eden space 67584K, 0% used [0x00000007d5500000,0x00000007d5500000,0x00000007d9700000)
  from space 5120K, 99% used [0x00000007d9700000,0x00000007d9bfb370,0x00000007d9c00000)
  to   space 15872K, 0% used [0x00000007de880000,0x00000007de880000,0x00000007df800000)
 ParOldGen       total 87040K, used 14544K [0x0000000780000000, 0x0000000785500000, 0x00000007d5500000)
  object space 87040K, 16% used [0x0000000780000000,0x0000000780e34008,0x0000000785500000)
 PSPermGen       total 21504K, used 8171K [0x000000077ae00000, 0x000000077c300000, 0x0000000780000000)
  object space 21504K, 37% used [0x000000077ae00000,0x000000077b5facf8,0x000000077c300000)
}
Event: 1.526 GC heap before
{Heap before GC invocations=6 (full 0):
 PSYoungGen      total 72704K, used 7497K [0x00000007d5500000, 0x00000007df800000, 0x0000000800000000)
  eden space 67584K, 3% used [0x00000007d5500000,0x00000007d5757148,0x00000007d9700000)
  from space 5120K, 99% used [0x00000007d9700000,0x00000007d9bfb370,0x00000007d9c00000)
  to   space 15872K, 0% used [0x00000007de880000,0x00000007de880000,0x00000007df800000)
 ParOldGen       total 87040K, used 14544K [0x0000000780000000, 0x0000000785500000, 0x00000007d5500000)
  object space 87040K, 16% used [0x0000000780000000,0x0000000780e34008,0x0000000785500000)
 PSPermGen       total 21504K, used 8175K [0x000000077ae00000, 0x000000077c300000, 0x0000000780000000)
  object space 21504K, 38% used [0x000000077ae00000,0x000000077b5fbf30,0x000000077c300000)
Event: 1.534 GC heap after
Heap after GC invocations=6 (full 0):
 PSYoungGen      total 148992K, used 5011K [0x00000007d5500000, 0x00000007df600000, 0x0000000800000000)
  eden space 135168K, 0% used [0x00000007d5500000,0x00000007d5500000,0x00000007dd900000)
  from space 13824K, 36% used [0x00000007de880000,0x00000007ded64fb0,0x00000007df600000)
  to   space 14848K, 0% used [0x00000007dd900000,0x00000007dd900000,0x00000007de780000)
 ParOldGen       total 87040K, used 14544K [0x0000000780000000, 0x0000000785500000, 0x00000007d5500000)
  object space 87040K, 16% used [0x0000000780000000,0x0000000780e34008,0x0000000785500000)
 PSPermGen       total 21504K, used 8175K [0x000000077ae00000, 0x000000077c300000, 0x0000000780000000)
  object space 21504K, 38% used [0x000000077ae00000,0x000000077b5fbf30,0x000000077c300000)
}
Event: 2.577 GC heap before
{Heap before GC invocations=7 (full 0):
 PSYoungGen      total 148992K, used 140179K [0x00000007d5500000, 0x00000007df600000, 0x0000000800000000)
  eden space 135168K, 100% used [0x00000007d5500000,0x00000007dd900000,0x00000007dd900000)
  from space 13824K, 36% used [0x00000007de880000,0x00000007ded64fb0,0x00000007df600000)
  to   space 14848K, 0% used [0x00000007dd900000,0x00000007dd900000,0x00000007de780000)
 ParOldGen       total 87040K, used 14555K [0x0000000780000000, 0x0000000785500000, 0x00000007d5500000)
  object space 87040K, 16% used [0x0000000780000000,0x0000000780e36c98,0x0000000785500000)
 PSPermGen       total 21504K, used 8246K [0x000000077ae00000, 0x000000077c300000, 0x0000000780000000)
  object space 21504K, 38% used [0x000000077ae00000,0x000000077b60dbd8,0x000000077c300000)
Event: 2.615 GC heap after
Heap after GC invocations=7 (full 0):
 PSYoungGen      total 150016K, used 14819K [0x00000007d5500000, 0x00000007e9a00000, 0x0000000800000000)
  eden space 135168K, 0% used [0x00000007d5500000,0x00000007d5500000,0x00000007dd900000)
  from space 14848K, 99% used [0x00000007dd900000,0x00000007de778ef0,0x00000007de780000)
  to   space 31232K, 0% used [0x00000007e7b80000,0x00000007e7b80000,0x00000007e9a00000)
 ParOldGen       total 87040K, used 41147K [0x0000000780000000, 0x0000000785500000, 0x00000007d5500000)
  object space 87040K, 47% used [0x0000000780000000,0x000000078282ec28,0x0000000785500000)
 PSPermGen       total 21504K, used 8246K [0x000000077ae00000, 0x000000077c300000, 0x0000000780000000)
  object space 21504K, 38% used [0x000000077ae00000,0x000000077b60dbd8,0x000000077c300000)
}
Event: 3.854 GC heap before
{Heap before GC invocations=8 (full 0):
 PSYoungGen      total 150016K, used 149987K [0x00000007d5500000, 0x00000007e9a00000, 0x0000000800000000)
  eden space 135168K, 100% used [0x00000007d5500000,0x00000007dd900000,0x00000007dd900000)
  from space 14848K, 99% used [0x00000007dd900000,0x00000007de778ef0,0x00000007de780000)
  to   space 31232K, 0% used [0x00000007e7b80000,0x00000007e7b80000,0x00000007e9a00000)
 ParOldGen       total 87040K, used 41164K [0x0000000780000000, 0x0000000785500000, 0x00000007d5500000)
  object space 87040K, 47% used [0x0000000780000000,0x0000000782833320,0x0000000785500000)
 PSPermGen       total 21504K, used 8269K [0x000000077ae00000, 0x000000077c300000, 0x0000000780000000)
  object space 21504K, 38% used [0x000000077ae00000,0x000000077b613548,0x000000077c300000)
Event: 3.948 GC heap after
Heap after GC invocations=8 (full 0):
 PSYoungGen      total 285696K, used 31217K [0x00000007d5500000, 0x00000007eb900000, 0x0000000800000000)
  eden space 254464K, 0% used [0x00000007d5500000,0x00000007d5500000,0x00000007e4d80000)
  from space 31232K, 99% used [0x00000007e7b80000,0x00000007e99fc460,0x00000007e9a00000)
  to   space 47104K, 0% used [0x00000007e4d80000,0x00000007e4d80000,0x00000007e7b80000)
 ParOldGen       total 87040K, used 61883K [0x0000000780000000, 0x0000000785500000, 0x00000007d5500000)
  object space 87040K, 71% used [0x0000000780000000,0x0000000783c6ecd0,0x0000000785500000)
 PSPermGen       total 21504K, used 8269K [0x000000077ae00000, 0x000000077c300000, 0x0000000780000000)
  object space 21504K, 38% used [0x000000077ae00000,0x000000077b613548,0x000000077c300000)
}
Event: 3.948 GC heap before
{Heap before GC invocations=9 (full 1):
 PSYoungGen      total 285696K, used 31217K [0x00000007d5500000, 0x00000007eb900000, 0x0000000800000000)
  eden space 254464K, 0% used [0x00000007d5500000,0x00000007d5500000,0x00000007e4d80000)
  from space 31232K, 99% used [0x00000007e7b80000,0x00000007e99fc460,0x00000007e9a00000)
  to   space 47104K, 0% used [0x00000007e4d80000,0x00000007e4d80000,0x00000007e7b80000)
 ParOldGen       total 87040K, used 61883K [0x0000000780000000, 0x0000000785500000, 0x00000007d5500000)
  object space 87040K, 71% used [0x0000000780000000,0x0000000783c6ecd0,0x0000000785500000)
 PSPermGen       total 21504K, used 8269K [0x000000077ae00000, 0x000000077c300000, 0x0000000780000000)
  object space 21504K, 38% used [0x000000077ae00000,0x000000077b613548,0x000000077c300000)
Event: 4.344 GC heap after
Heap after GC invocations=9 (full 1):
 PSYoungGen      total 285696K, used 0K [0x00000007d5500000, 0x00000007eb900000, 0x0000000800000000)
  eden space 254464K, 0% used [0x00000007d5500000,0x00000007d5500000,0x00000007e4d80000)
  from space 31232K, 0% used [0x00000007e7b80000,0x00000007e7b80000,0x00000007e9a00000)
  to   space 47104K, 0% used [0x00000007e4d80000,0x00000007e4d80000,0x00000007e7b80000)
 ParOldGen       total 158208K, used 81607K [0x0000000780000000, 0x0000000789a80000, 0x00000007d5500000)
  object space 158208K, 51% used [0x0000000780000000,0x0000000784fb1f08,0x0000000789a80000)
 PSPermGen       total 21504K, used 8267K [0x000000077ae00000, 0x000000077c300000, 0x0000000780000000)
  object space 21504K, 38% used [0x000000077ae00000,0x000000077b612d18,0x000000077c300000)
}

