# JRE version: Java(TM) SE Runtime Environment (7.0_79-b15) (build 1.7.0_79-b15)
# Java VM: Java HotSpot(TM) 64-Bit Server VM (24.79-b02 mixed mode bsd-amd64 compressed oops)
Heap
 PSYoungGen      total 282112K, used 46042K [0x00000007d5500000, 0x00000007ec300000, 0x0000000800000000)
  eden space 238592K, 1% used [0x00000007d5500000,0x00000007d5778638,0x00000007e3e00000)
  from space 43520K, 99% used [0x00000007e7880000,0x00000007ea2fe330,0x00000007ea300000)
  to   space 59904K, 0% used [0x00000007e3e00000,0x00000007e3e00000,0x00000007e7880000)
 ParOldGen       total 87040K, used 62214K [0x0000000780000000, 0x0000000785500000, 0x00000007d5500000)
  object space 87040K, 71% used [0x0000000780000000,0x0000000783cc1bb0,0x0000000785500000)
 PSPermGen       total 21504K, used 8276K [0x000000077ae00000, 0x000000077c300000, 0x0000000780000000)
  object space 21504K, 38% used [0x000000077ae00000,0x000000077b6153b0,0x000000077c300000)
GC Heap History (10 events):
Event: 0.954 GC heap before
{Heap before GC invocations=4 (full 0):
 PSYoungGen      total 38912K, used 35056K [0x00000007d5500000, 0x00000007da100000, 0x0000000800000000)
  eden space 33792K, 100% used [0x00000007d5500000,0x00000007d7600000,0x00000007d7600000)
  from space 5120K, 24% used [0x00000007d7600000,0x00000007d773c040,0x00000007d7b00000)
  to   space 5120K, 0% used [0x00000007d9c00000,0x00000007d9c00000,0x00000007da100000)
 ParOldGen       total 87040K, used 80K [0x0000000780000000, 0x0000000785500000, 0x00000007d5500000)
  object space 87040K, 0% used [0x0000000780000000,0x0000000780014120,0x0000000785500000)
 PSPermGen       total 21504K, used 8102K [0x000000077ae00000, 0x000000077c300000, 0x0000000780000000)
  object space 21504K, 37% used [0x000000077ae00000,0x000000077b5e9970,0x000000077c300000)
Event: 0.967 GC heap after
Heap after GC invocations=4 (full 0):
 PSYoungGen      total 72704K, used 5114K [0x00000007d5500000, 0x00000007da100000, 0x0000000800000000)
  eden space 67584K, 0% used [0x00000007d5500000,0x00000007d5500000,0x00000007d9700000)
  from space 5120K, 99% used [0x00000007d9c00000,0x00000007da0febe0,0x00000007da100000)
  to   space 5120K, 0% used [0x00000007d9700000,0x00000007d9700000,0x00000007d9c00000)
 ParOldGen       total 87040K, used 1849K [0x0000000780000000, 0x0000000785500000, 0x00000007d5500000)
  object space 87040K, 2% used [0x0000000780000000,0x00000007801ce590,0x0000000785500000)
 PSPermGen       total 21504K, used 8102K [0x000000077ae00000, 0x000000077c300000, 0x0000000780000000)
  object space 21504K, 37% used [0x000000077ae00000,0x000000077b5e9970,0x000000077c300000)
}
Event: 1.506 GC heap before
{Heap before GC invocations=5 (full 0):
 PSYoungGen      total 72704K, used 72698K [0x00000007d5500000, 0x00000007da100000, 0x0000000800000000)
  eden space 67584K, 100% used [0x00000007d5500000,0x00000007d9700000,0x00000007d9700000)
  from space 5120K, 99% used [0x00000007d9c00000,0x00000007da0febe0,0x00000007da100000)
  to   space 5120K, 0% used [0x00000007d9700000,0x00000007d9700000,0x00000007d9c00000)
 ParOldGen       total 87040K, used 1912K [0x0000000780000000, 0x0000000785500000, 0x00000007d5500000)
  object space 87040K, 2% used [0x0000000780000000,0x00000007801de290,0x0000000785500000)
 PSPermGen       total 21504K, used 8210K [0x000000077ae00000, 0x000000077c300000, 0x0000000780000000)
  object space 21504K, 38% used [0x000000077ae00000,0x000000077b604b80,0x000000077c300000)
Event: 1.535 GC heap after
Heap after GC invocations=5 (full 0):
 PSYoungGen      total 72704K, used 5089K [0x00000007d5500000, 0x00000007dfd00000, 0x0000000800000000)
  eden space 67584K, 0% used [0x00000007d5500000,0x00000007d5500000,0x00000007d9700000)
  from space 5120K, 99% used [0x00000007d9700000,0x00000007d9bf8708,0x00000007d9c00000)
  to   space 18432K, 0% used [0x00000007deb00000,0x00000007deb00000,0x00000007dfd00000)
 ParOldGen       total 87040K, used 17476K [0x0000000780000000, 0x0000000785500000, 0x00000007d5500000)
  object space 87040K, 20% used [0x0000000780000000,0x0000000781111228,0x0000000785500000)
 PSPermGen       total 21504K, used 8210K [0x000000077ae00000, 0x000000077c300000, 0x0000000780000000)
  object space 21504K, 38% used [0x000000077ae00000,0x000000077b604b80,0x000000077c300000)
}
Event: 2.144 GC heap before
{Heap before GC invocations=6 (full 0):
 PSYoungGen      total 72704K, used 72673K [0x00000007d5500000, 0x00000007dfd00000, 0x0000000800000000)
  eden space 67584K, 100% used [0x00000007d5500000,0x00000007d9700000,0x00000007d9700000)
  from space 5120K, 99% used [0x00000007d9700000,0x00000007d9bf8708,0x00000007d9c00000)
  to   space 18432K, 0% used [0x00000007deb00000,0x00000007deb00000,0x00000007dfd00000)
 ParOldGen       total 87040K, used 17496K [0x0000000780000000, 0x0000000785500000, 0x00000007d5500000)
  object space 87040K, 20% used [0x0000000780000000,0x0000000781116060,0x0000000785500000)
 PSPermGen       total 21504K, used 8244K [0x000000077ae00000, 0x000000077c300000, 0x0000000780000000)
  object space 21504K, 38% used [0x000000077ae00000,0x000000077b60d0f0,0x000000077c300000)
Event: 2.182 GC heap after
Heap after GC invocations=6 (full 0):
 PSYoungGen      total 145920K, used 18428K [0x00000007d5500000, 0x00000007e0c00000, 0x0000000800000000)
  eden space 127488K, 0% used [0x00000007d5500000,0x00000007d5500000,0x00000007dd180000)
  from space 18432K, 99% used [0x00000007deb00000,0x00000007dfcff2d0,0x00000007dfd00000)
  to   space 26112K, 0% used [0x00000007dd180000,0x00000007dd180000,0x00000007deb00000)
 ParOldGen       total 87040K, used 22784K [0x0000000780000000, 0x0000000785500000, 0x00000007d5500000)
  object space 87040K, 26% used [0x0000000780000000,0x0000000781640060,0x0000000785500000)
 PSPermGen       total 21504K, used 8244K [0x000000077ae00000, 0x000000077c300000, 0x0000000780000000)
  object space 21504K, 38% used [0x000000077ae00000,0x000000077b60d0f0,0x000000077c300000)
}
Event: 3.156 GC heap before
{Heap before GC invocations=7 (full 0):
 PSYoungGen      total 145920K, used 145916K [0x00000007d5500000, 0x00000007e0c00000, 0x0000000800000000)
  eden space 127488K, 100% used [0x00000007d5500000,0x00000007dd180000,0x00000007dd180000)
  from space 18432K, 99% used [0x00000007deb00000,0x00000007dfcff2d0,0x00000007dfd00000)
  to   space 26112K, 0% used [0x00000007dd180000,0x00000007dd180000,0x00000007deb00000)
 ParOldGen       total 87040K, used 22787K [0x0000000780000000, 0x0000000785500000, 0x00000007d5500000)
  object space 87040K, 26% used [0x0000000780000000,0x0000000781640e08,0x0000000785500000)
 PSPermGen       total 21504K, used 8267K [0x000000077ae00000, 0x000000077c300000, 0x0000000780000000)
  object space 21504K, 38% used [0x000000077ae00000,0x000000077b612c18,0x000000077c300000)
Event: 3.232 GC heap after
Heap after GC invocations=7 (full 0):
 PSYoungGen      total 153600K, used 26104K [0x00000007d5500000, 0x00000007ea300000, 0x0000000800000000)
  eden space 127488K, 0% used [0x00000007d5500000,0x00000007d5500000,0x00000007dd180000)
  from space 26112K, 99% used [0x00000007dd180000,0x00000007deafe0f8,0x00000007deb00000)
  to   space 43520K, 0% used [0x00000007e7880000,0x00000007e7880000,0x00000007ea300000)
 ParOldGen       total 87040K, used 45225K [0x0000000780000000, 0x0000000785500000, 0x00000007d5500000)
  object space 87040K, 51% used [0x0000000780000000,0x0000000782c2a608,0x0000000785500000)
 PSPermGen       total 21504K, used 8267K [0x000000077ae00000, 0x000000077c300000, 0x0000000780000000)
  object space 21504K, 38% used [0x000000077ae00000,0x000000077b612c18,0x000000077c300000)
}
Event: 3.834 GC heap before
{Heap before GC invocations=8 (full 0):
 PSYoungGen      total 153600K, used 153592K [0x00000007d5500000, 0x00000007ea300000, 0x0000000800000000)
  eden space 127488K, 100% used [0x00000007d5500000,0x00000007dd180000,0x00000007dd180000)
  from space 26112K, 99% used [0x00000007dd180000,0x00000007deafe0f8,0x00000007deb00000)
  to   space 43520K, 0% used [0x00000007e7880000,0x00000007e7880000,0x00000007ea300000)
 ParOldGen       total 87040K, used 45225K [0x0000000780000000, 0x0000000785500000, 0x00000007d5500000)
  object space 87040K, 51% used [0x0000000780000000,0x0000000782c2a608,0x0000000785500000)
 PSPermGen       total 21504K, used 8273K [0x000000077ae00000, 0x000000077c300000, 0x0000000780000000)
  object space 21504K, 38% used [0x000000077ae00000,0x000000077b6147d0,0x000000077c300000)
Event: 3.931 GC heap after
Heap after GC invocations=8 (full 0):
 PSYoungGen      total 282112K, used 43512K [0x00000007d5500000, 0x00000007ec300000, 0x0000000800000000)
  eden space 238592K, 0% used [0x00000007d5500000,0x00000007d5500000,0x00000007e3e00000)
  from space 43520K, 99% used [0x00000007e7880000,0x00000007ea2fe330,0x00000007ea300000)
  to   space 59904K, 0% used [0x00000007e3e00000,0x00000007e3e00000,0x00000007e7880000)
 ParOldGen       total 87040K, used 62214K [0x0000000780000000, 0x0000000785500000, 0x00000007d5500000)
  object space 87040K, 71% used [0x0000000780000000,0x0000000783cc1bb0,0x0000000785500000)
 PSPermGen       total 21504K, used 8273K [0x000000077ae00000, 0x000000077c300000, 0x0000000780000000)
  object space 21504K, 38% used [0x000000077ae00000,0x000000077b6147d0,0x000000077c300000)
}

