# JRE version: Java(TM) SE Runtime Environment (7.0_79-b15) (build 1.7.0_79-b15)
# Java VM: Java HotSpot(TM) 64-Bit Server VM (24.79-b02 mixed mode bsd-amd64 compressed oops)
Heap
 PSYoungGen      total 297472K, used 45163K [0x00000007d5500000, 0x00000007f7880000, 0x0000000800000000)
  eden space 237568K, 13% used [0x00000007d5500000,0x00000007d745e1a8,0x00000007e3d00000)
  from space 59904K, 21% used [0x00000007e3d00000,0x00000007e49bccd0,0x00000007e7780000)
  to   space 90112K, 0% used [0x00000007f2080000,0x00000007f2080000,0x00000007f7880000)
 ParOldGen       total 191488K, used 108420K [0x0000000780000000, 0x000000078bb00000, 0x00000007d5500000)
  object space 191488K, 56% used [0x0000000780000000,0x00000007869e1290,0x000000078bb00000)
 PSPermGen       total 23040K, used 14042K [0x000000077ae00000, 0x000000077c480000, 0x0000000780000000)
  object space 23040K, 60% used [0x000000077ae00000,0x000000077bbb6b40,0x000000077c480000)
GC Heap History (10 events):
Event: 1.671 GC heap before
{Heap before GC invocations=6 (full 0):
 PSYoungGen      total 72704K, used 72694K [0x00000007d5500000, 0x00000007dfb00000, 0x0000000800000000)
  eden space 67584K, 100% used [0x00000007d5500000,0x00000007d9700000,0x00000007d9700000)
  from space 5120K, 99% used [0x00000007d9700000,0x00000007d9bfd840,0x00000007d9c00000)
  to   space 17408K, 0% used [0x00000007dea00000,0x00000007dea00000,0x00000007dfb00000)
 ParOldGen       total 87040K, used 16153K [0x0000000780000000, 0x0000000785500000, 0x00000007d5500000)
  object space 87040K, 18% used [0x0000000780000000,0x0000000780fc6420,0x0000000785500000)
 PSPermGen       total 21504K, used 8246K [0x000000077ae00000, 0x000000077c300000, 0x0000000780000000)
  object space 21504K, 38% used [0x000000077ae00000,0x000000077b60d910,0x000000077c300000)
Event: 1.699 GC heap after
Heap after GC invocations=6 (full 0):
 PSYoungGen      total 144384K, used 17380K [0x00000007d5500000, 0x00000007e0b00000, 0x0000000800000000)
  eden space 126976K, 0% used [0x00000007d5500000,0x00000007d5500000,0x00000007dd100000)
  from space 17408K, 99% used [0x00000007dea00000,0x00000007dfaf9098,0x00000007dfb00000)
  to   space 25600K, 0% used [0x00000007dd100000,0x00000007dd100000,0x00000007dea00000)
 ParOldGen       total 87040K, used 22465K [0x0000000780000000, 0x0000000785500000, 0x00000007d5500000)
  object space 87040K, 25% used [0x0000000780000000,0x00000007815f0420,0x0000000785500000)
 PSPermGen       total 21504K, used 8246K [0x000000077ae00000, 0x000000077c300000, 0x0000000780000000)
  object space 21504K, 38% used [0x000000077ae00000,0x000000077b60d910,0x000000077c300000)
}
Event: 2.331 GC heap before
{Heap before GC invocations=7 (full 0):
 PSYoungGen      total 144384K, used 144356K [0x00000007d5500000, 0x00000007e0b00000, 0x0000000800000000)
  eden space 126976K, 100% used [0x00000007d5500000,0x00000007dd100000,0x00000007dd100000)
  from space 17408K, 99% used [0x00000007dea00000,0x00000007dfaf9098,0x00000007dfb00000)
  to   space 25600K, 0% used [0x00000007dd100000,0x00000007dd100000,0x00000007dea00000)
 ParOldGen       total 87040K, used 22470K [0x0000000780000000, 0x0000000785500000, 0x00000007d5500000)
  object space 87040K, 25% used [0x0000000780000000,0x00000007815f18c8,0x0000000785500000)
 PSPermGen       total 21504K, used 8252K [0x000000077ae00000, 0x000000077c300000, 0x0000000780000000)
  object space 21504K, 38% used [0x000000077ae00000,0x000000077b60f138,0x000000077c300000)
Event: 2.395 GC heap after
Heap after GC invocations=7 (full 0):
 PSYoungGen      total 152576K, used 25595K [0x00000007d5500000, 0x00000007ea200000, 0x0000000800000000)
  eden space 126976K, 0% used [0x00000007d5500000,0x00000007d5500000,0x00000007dd100000)
  from space 25600K, 99% used [0x00000007dd100000,0x00000007de9fef78,0x00000007dea00000)
  to   space 43520K, 0% used [0x00000007e7780000,0x00000007e7780000,0x00000007ea200000)
 ParOldGen       total 87040K, used 45854K [0x0000000780000000, 0x0000000785500000, 0x00000007d5500000)
  object space 87040K, 52% used [0x0000000780000000,0x0000000782cc7888,0x0000000785500000)
 PSPermGen       total 21504K, used 8252K [0x000000077ae00000, 0x000000077c300000, 0x0000000780000000)
  object space 21504K, 38% used [0x000000077ae00000,0x000000077b60f138,0x000000077c300000)
}
Event: 3.039 GC heap before
{Heap before GC invocations=8 (full 0):
 PSYoungGen      total 152576K, used 152571K [0x00000007d5500000, 0x00000007ea200000, 0x0000000800000000)
  eden space 126976K, 100% used [0x00000007d5500000,0x00000007dd100000,0x00000007dd100000)
  from space 25600K, 99% used [0x00000007dd100000,0x00000007de9fef78,0x00000007dea00000)
  to   space 43520K, 0% used [0x00000007e7780000,0x00000007e7780000,0x00000007ea200000)
 ParOldGen       total 87040K, used 45857K [0x0000000780000000, 0x0000000785500000, 0x00000007d5500000)
  object space 87040K, 52% used [0x0000000780000000,0x0000000782cc8418,0x0000000785500000)
 PSPermGen       total 21504K, used 8274K [0x000000077ae00000, 0x000000077c300000, 0x0000000780000000)
  object space 21504K, 38% used [0x000000077ae00000,0x000000077b6149c0,0x000000077c300000)
Event: 3.101 GC heap after
Heap after GC invocations=8 (full 0):
 PSYoungGen      total 281088K, used 43495K [0x00000007d5500000, 0x00000007ec200000, 0x0000000800000000)
  eden space 237568K, 0% used [0x00000007d5500000,0x00000007d5500000,0x00000007e3d00000)
  from space 43520K, 99% used [0x00000007e7780000,0x00000007ea1f9e90,0x00000007ea200000)
  to   space 59904K, 0% used [0x00000007e3d00000,0x00000007e3d00000,0x00000007e7780000)
 ParOldGen       total 87040K, used 62639K [0x0000000780000000, 0x0000000785500000, 0x00000007d5500000)
  object space 87040K, 71% used [0x0000000780000000,0x0000000783d2bff8,0x0000000785500000)
 PSPermGen       total 21504K, used 8274K [0x000000077ae00000, 0x000000077c300000, 0x0000000780000000)
  object space 21504K, 38% used [0x000000077ae00000,0x000000077b6149c0,0x000000077c300000)
}
Event: 5.369 GC heap before
{Heap before GC invocations=9 (full 0):
 PSYoungGen      total 281088K, used 281063K [0x00000007d5500000, 0x00000007ec200000, 0x0000000800000000)
  eden space 237568K, 100% used [0x00000007d5500000,0x00000007e3d00000,0x00000007e3d00000)
  from space 43520K, 99% used [0x00000007e7780000,0x00000007ea1f9e90,0x00000007ea200000)
  to   space 59904K, 0% used [0x00000007e3d00000,0x00000007e3d00000,0x00000007e7780000)
 ParOldGen       total 87040K, used 62639K [0x0000000780000000, 0x0000000785500000, 0x00000007d5500000)
  object space 87040K, 71% used [0x0000000780000000,0x0000000783d2bff8,0x0000000785500000)
 PSPermGen       total 21504K, used 11350K [0x000000077ae00000, 0x000000077c300000, 0x0000000780000000)
  object space 21504K, 52% used [0x000000077ae00000,0x000000077b9159e8,0x000000077c300000)
Event: 5.461 GC heap after
Heap after GC invocations=9 (full 0):
 PSYoungGen      total 297472K, used 59899K [0x00000007d5500000, 0x00000007f7880000, 0x0000000800000000)
  eden space 237568K, 0% used [0x00000007d5500000,0x00000007d5500000,0x00000007e3d00000)
  from space 59904K, 99% used [0x00000007e3d00000,0x00000007e777eef0,0x00000007e7780000)
  to   space 90112K, 0% used [0x00000007f2080000,0x00000007f2080000,0x00000007f7880000)
 ParOldGen       total 108544K, used 108225K [0x0000000780000000, 0x0000000786a00000, 0x00000007d5500000)
  object space 108544K, 99% used [0x0000000780000000,0x00000007869b0570,0x0000000786a00000)
 PSPermGen       total 21504K, used 11350K [0x000000077ae00000, 0x000000077c300000, 0x0000000780000000)
  object space 21504K, 52% used [0x000000077ae00000,0x000000077b9159e8,0x000000077c300000)
}
Event: 5.461 GC heap before
{Heap before GC invocations=10 (full 1):
 PSYoungGen      total 297472K, used 59899K [0x00000007d5500000, 0x00000007f7880000, 0x0000000800000000)
  eden space 237568K, 0% used [0x00000007d5500000,0x00000007d5500000,0x00000007e3d00000)
  from space 59904K, 99% used [0x00000007e3d00000,0x00000007e777eef0,0x00000007e7780000)
  to   space 90112K, 0% used [0x00000007f2080000,0x00000007f2080000,0x00000007f7880000)
 ParOldGen       total 108544K, used 108225K [0x0000000780000000, 0x0000000786a00000, 0x00000007d5500000)
  object space 108544K, 99% used [0x0000000780000000,0x00000007869b0570,0x0000000786a00000)
 PSPermGen       total 21504K, used 11350K [0x000000077ae00000, 0x000000077c300000, 0x0000000780000000)
  object space 21504K, 52% used [0x000000077ae00000,0x000000077b9159e8,0x000000077c300000)
Event: 5.630 GC heap after
Heap after GC invocations=10 (full 1):
 PSYoungGen      total 297472K, used 13043K [0x00000007d5500000, 0x00000007f7880000, 0x0000000800000000)
  eden space 237568K, 0% used [0x00000007d5500000,0x00000007d5500000,0x00000007e3d00000)
  from space 59904K, 21% used [0x00000007e3d00000,0x00000007e49bccd0,0x00000007e7780000)
  to   space 90112K, 0% used [0x00000007f2080000,0x00000007f2080000,0x00000007f7880000)
 ParOldGen       total 191488K, used 108420K [0x0000000780000000, 0x000000078bb00000, 0x00000007d5500000)
  object space 191488K, 56% used [0x0000000780000000,0x00000007869e1290,0x000000078bb00000)
 PSPermGen       total 23040K, used 11341K [0x000000077ae00000, 0x000000077c480000, 0x0000000780000000)
  object space 23040K, 49% used [0x000000077ae00000,0x000000077b9137f8,0x000000077c480000)
}

